<?xml version="1.0" encoding="UTF-8"?>
<web-app xmlns:xsi="http://www.w3.org/2001/XMLSchema-instance"
         xmlns="http://xmlns.jcp.org/xml/ns/javaee"
         xsi:schemaLocation="http://xmlns.jcp.org/xml/ns/javaee http://xmlns.jcp.org/xml/ns/javaee/web-app_4_0.xsd"
         version="4.0">

    <display-name>DocuWork</display-name>

    <!-- Auto scan REST service -->
    <context-param>
        <param-name>resteasy.scan</param-name>
        <param-value>true</param-value>
    </context-param>

    <!-- this need same with resteasy servlet url-pattern -->
    <context-param>
        <param-name>resteasy.servlet.mapping.prefix</param-name>
        <param-value>/rest</param-value>
    </context-param>

    <listener>
        <listener-class>org.jboss.resteasy.plugins.server.servlet.ResteasyBootstrap</listener-class>
    </listener>
    <servlet>
        <servlet-name>Resteasy</servlet-name>
        <servlet-class>org.jboss.resteasy.plugins.server.servlet.HttpServletDispatcher</servlet-class>
    </servlet>
    <servlet-mapping>
        <servlet-name>Resteasy</servlet-name>
        <url-pattern>/rest/*</url-pattern>
    </servlet-mapping>
    

    <security-constraint>
        <web-resource-collection>
            <web-resource-name>Public REST endpoint</web-resource-name>
                      <url-pattern>/rest/*</url-pattern>
        </web-resource-collection>
    </security-constraint>

    <data-source>
        <name>java:app/SystemCache</name>
        <class-name>org.h2.jdbcx.JdbcDataSource</class-name>
        <url>jdbc:h2:mem:krasig_db;DB_CLOSE_DELAY=-1;LOG=0;CACHE_SIZE=131072;LOCK_MODE=0;AUTOCOMMIT=ON</url>
    </data-source>

</web-app>